<?xml version="1.0" encoding="UTF-8"?>
<!-- Generated by org.testng.reporters.JUnitReportReporter -->
<testsuite skipped="0" hostname="DESKTOP-PDG2J70" name="testCases.TestFamilyRentalsMultipleDays" tests="2" failures="0" timestamp="20 nov 2018 19:29:34 GMT" time="0.013" errors="0">
  <testcase name="TestFamRentalPriceDiscount" time="0.002" classname="testCases.TestFamilyRentalsMultipleDays"/>
  <testcase name="TestFamRentalPrice" time="0.011" classname="testCases.TestFamilyRentalsMultipleDays"/>
</testsuite> <!-- testCases.TestFamilyRentalsMultipleDays -->
