<?xml version="1.0" encoding="UTF-8"?>
<!-- Generated by org.testng.reporters.JUnitReportReporter -->
<testsuite skipped="0" hostname="DESKTOP-PDG2J70" name="testCases.TestFamilyRentals" tests="2" failures="0" timestamp="20 nov 2018 18:55:01 GMT" time="0.017" errors="0">
  <testcase name="TestFamRentalPriceDiscount" time="0.003" classname="testCases.TestFamilyRentals"/>
  <testcase name="TestFamRentalPrice" time="0.014" classname="testCases.TestFamilyRentals"/>
</testsuite> <!-- testCases.TestFamilyRentals -->
