<?xml version="1.0" encoding="UTF-8"?>
<!-- Generated by org.testng.reporters.JUnitReportReporter -->
<testsuite skipped="0" hostname="DESKTOP-PDG2J70" name="testCases.TestFamilyRental" tests="2" failures="0" timestamp="20 nov 2018 18:41:45 GMT" time="0.016" errors="0">
  <testcase name="TestFamRentalTime" time="0.003" classname="testCases.TestFamilyRental"/>
  <testcase name="TestFamRentalPrice" time="0.013" classname="testCases.TestFamilyRental"/>
</testsuite> <!-- testCases.TestFamilyRental -->
